{
  "RSpec": {
    "coverage": {
      "/Users/Liam/Desktop/non_profit_v3/spec/controllers/home_controller_spec.rb": [
        1,
        null,
        1,
        null,
        1,
        1,
        1,
        1,
        null,
        null,
        null,
        null
      ],
      "/Users/Liam/Desktop/non_profit_v3/spec/rails_helper.rb": [
        1,
        1,
        1,
        1,
        1,
        1,
        1,
        1,
        null,
        3,
        null,
        1,
        null,
        1,
        1,
        1,
        1,
        1,
        1,
        1,
        null,
        1,
        1,
        null,
        null,
        1,
        18,
        18,
        null,
        null,
        null,
        1,
        18,
        null,
        null,
        1,
        1,
        1,
        1,
        null,
        null
      ],
      "/Users/Liam/Desktop/non_profit_v3/config/environment.rb": [
        null,
        1,
        null,
        null,
        1
      ],
      "/Users/Liam/Desktop/non_profit_v3/config/application.rb": [
        1,
        null,
        1,
        null,
        1,
        1,
        1,
        1,
        1,
        1,
        1,
        1,
        null,
        null,
        null,
        null,
        1,
        null,
        1,
        1,
        null,
        null,
        null,
        null,
        null
      ],
      "/Users/Liam/Desktop/non_profit_v3/config/boot.rb": [
        1,
        null,
        1
      ],
      "/Users/Liam/Desktop/non_profit_v3/config/environments/test.rb": [
        1,
        null,
        null,
        null,
        null,
        null,
        null,
        1,
        null,
        null,
        null,
        null,
        1,
        null,
        null,
        1,
        1,
        null,
        null,
        null,
        null,
        1,
        1,
        null,
        null,
        1,
        null,
        null,
        1,
        1,
        null,
        null,
        null,
        null,
        1,
        null,
        null,
        1,
        null,
        1,
        null,
        null,
        null,
        null,
        null
      ],
      "/Users/Liam/Desktop/non_profit_v3/config/initializers/application_controller_renderer.rb": [
        null,
        null,
        null,
        null,
        null,
        null
      ],
      "/Users/Liam/Desktop/non_profit_v3/config/initializers/assets.rb": [
        null,
        null,
        null,
        1,
        null,
        null,
        null,
        null,
        null,
        null,
        null
      ],
      "/Users/Liam/Desktop/non_profit_v3/config/initializers/backtrace_silencers.rb": [
        null,
        null,
        null,
        null,
        null,
        null,
        null
      ],
      "/Users/Liam/Desktop/non_profit_v3/config/initializers/cookies_serializer.rb": [
        null,
        null,
        null,
        null,
        1
      ],
      "/Users/Liam/Desktop/non_profit_v3/config/initializers/devise.rb": [
        null,
        null,
        1,
        null,
        null,
        null,
        null,
        null,
        null,
        null,
        null,
        null,
        null,
        null,
        1,
        null,
        null,
        null,
        null,
        null,
        null,
        null,
        null,
        null,
        null,
        null,
        1,
        null,
        null,
        null,
        null,
        null,
        null,
        null,
        null,
        null,
        null,
        null,
        null,
        null,
        null,
        null,
        null,
        null,
        null,
        null,
        null,
        null,
        1,
        null,
        null,
        null,
        null,
        1,
        null,
        null,
        null,
        null,
        null,
        null,
        null,
        null,
        null,
        null,
        null,
        null,
        null,
        null,
        null,
        null,
        null,
        null,
        null,
        null,
        null,
        null,
        null,
        null,
        null,
        null,
        null,
        null,
        null,
        null,
        1,
        null,
        null,
        null,
        null,
        null,
        null,
        null,
        null,
        null,
        null,
        null,
        null,
        null,
        null,
        null,
        null,
        null,
        null,
        null,
        null,
        null,
        null,
        1,
        null,
        null,
        null,
        null,
        null,
        null,
        null,
        null,
        null,
        null,
        null,
        null,
        null,
        null,
        null,
        null,
        null,
        null,
        null,
        null,
        null,
        null,
        null,
        null,
        null,
        null,
        null,
        1,
        null,
        null,
        null,
        null,
        null,
        null,
        null,
        null,
        null,
        1,
        null,
        null,
        null,
        null,
        null,
        null,
        null,
        null,
        null,
        null,
        1,
        null,
        null,
        null,
        null,
        1,
        null,
        null,
        null,
        null,
        null,
        null,
        null,
        null,
        null,
        null,
        null,
        null,
        null,
        null,
        null,
        null,
        null,
        null,
        null,
        null,
        null,
        null,
        null,
        null,
        null,
        null,
        null,
        null,
        null,
        null,
        null,
        null,
        null,
        null,
        null,
        null,
        null,
        null,
        null,
        null,
        1,
        null,
        null,
        null,
        null,
        null,
        null,
        null,
        null,
        null,
        null,
        null,
        null,
        null,
        null,
        null,
        null,
        null,
        null,
        null,
        1,
        null,
        null,
        null,
        null,
        null,
        null,
        null,
        null,
        null,
        null,
        null,
        null,
        null,
        null,
        null,
        null,
        null,
        null,
        null,
        null,
        null,
        1,
        null,
        null,
        null,
        null,
        null,
        null,
        null,
        null,
        null,
        null,
        null,
        null,
        null,
        null,
        null,
        null,
        null,
        null,
        null,
        null,
        null,
        null,
        null,
        null,
        null,
        null,
        null,
        null,
        null
      ],
      "/Users/Liam/Desktop/non_profit_v3/config/initializers/filter_parameter_logging.rb": [
        null,
        null,
        null,
        1
      ],
      "/Users/Liam/Desktop/non_profit_v3/config/initializers/inflections.rb": [
        null,
        null,
        null,
        null,
        null,
        null,
        null,
        null,
        null,
        null,
        null,
        null,
        null,
        null,
        null,
        null
      ],
      "/Users/Liam/Desktop/non_profit_v3/config/initializers/mime_types.rb": [
        null,
        null,
        null,
        null
      ],
      "/Users/Liam/Desktop/non_profit_v3/config/initializers/new_framework_defaults.rb": [
        null,
        null,
        null,
        null,
        null,
        null,
        null,
        1,
        null,
        null,
        1,
        null,
        null,
        null,
        1,
        null,
        null,
        1,
        null,
        null,
        1,
        null,
        null,
        1
      ],
      "/Users/Liam/Desktop/non_profit_v3/config/initializers/session_store.rb": [
        null,
        null,
        1
      ],
      "/Users/Liam/Desktop/non_profit_v3/config/initializers/wrap_parameters.rb": [
        null,
        null,
        null,
        null,
        null,
        null,
        1,
        2,
        null,
        null,
        null,
        null,
        null,
        null
      ],
      "/Users/Liam/Desktop/non_profit_v3/config/routes.rb": [
        1,
        null,
        1,
        1,
        null,
        1,
        1,
        null,
        null,
        1,
        null,
        1,
        1,
        null
      ],
      "/Users/Liam/Desktop/non_profit_v3/app/models/non_profit.rb": [
        1,
        null,
        null,
        1,
        null,
        1,
        null,
        1,
        1,
        1,
        1,
        null
      ],
      "/Users/Liam/Desktop/non_profit_v3/app/models/application_record.rb": [
        1,
        1,
        null
      ],
      "/Users/Liam/Desktop/non_profit_v3/app/models/user.rb": [
        1,
        null,
        null,
        1,
        null,
        1,
        1,
        1,
        1,
        null,
        null,
        1,
        1,
        1,
        1,
        null
      ],
      "/Users/Liam/Desktop/non_profit_v3/app/controllers/application_controller.rb": [
        1,
        1,
        null
      ],
      "/Users/Liam/Desktop/non_profit_v3/app/helpers/application_helper.rb": [
        1,
        null
      ],
      "/Users/Liam/Desktop/non_profit_v3/app/helpers/home_helper.rb": [
        1,
        null
      ],
      "/Users/Liam/Desktop/non_profit_v3/app/channels/application_cable/channel.rb": [
        1,
        1,
        null,
        null
      ],
      "/Users/Liam/Desktop/non_profit_v3/app/channels/application_cable/connection.rb": [
        1,
        1,
        null,
        null
      ],
      "/Users/Liam/Desktop/non_profit_v3/app/controllers/home_controller.rb": [
        1,
        1,
        null,
        null
      ],
      "/Users/Liam/Desktop/non_profit_v3/app/controllers/non_profit/registrations_controller.rb": [
        1,
        1,
        0,
        0,
        null,
        1,
        1,
        0,
        null,
        null
      ],
      "/Users/Liam/Desktop/non_profit_v3/app/controllers/non_profits_controller.rb": [
        1,
        1,
        1,
        null,
        1,
        0,
        null,
        null,
        1,
        null,
        null,
        1,
        0,
        0,
        null,
        null,
        null,
        1,
        null,
        null,
        1,
        null,
        0,
        0,
        0,
        null,
        0,
        0,
        null,
        null,
        null,
        1,
        0,
        0,
        null,
        null,
        null,
        1,
        null,
        1,
        0,
        null,
        1,
        0,
        null,
        1,
        0,
        0,
        null,
        null,
        null,
        null
      ],
      "/Users/Liam/Desktop/non_profit_v3/app/controllers/registrations_controller.rb": [
        1,
        null,
        1,
        1,
        0,
        null,
        1,
        0,
        null,
        null
      ],
      "/Users/Liam/Desktop/non_profit_v3/app/controllers/users_controller.rb": [
        1,
        1,
        1,
        null,
        null,
        1,
        0,
        0,
        0,
        null,
        null,
        null,
        1,
        null,
        null,
        1,
        null,
        null,
        1,
        null,
        0,
        0,
        0,
        null,
        null,
        1,
        null,
        0,
        0,
        0,
        null,
        1,
        null,
        1,
        0,
        null,
        null,
        1,
        1,
        null,
        null,
        null
      ],
      "/Users/Liam/Desktop/non_profit_v3/app/jobs/application_job.rb": [
        1,
        null
      ],
      "/Users/Liam/Desktop/non_profit_v3/app/mailers/application_mailer.rb": [
        1,
        1,
        1,
        null
      ],
      "/Users/Liam/Desktop/non_profit_v3/app/models/category.rb": [
        1,
        1,
        1,
        null
      ],
      "/Users/Liam/Desktop/non_profit_v3/app/models/post.rb": [
        1,
        1,
        null,
        1,
        1,
        1,
        null
      ],
      "/Users/Liam/Desktop/non_profit_v3/spec/support/factory_girl.rb": [
        null
      ],
      "/Users/Liam/Desktop/non_profit_v3/spec/support/fixtures/factories.rb": [
        1,
        1,
        1,
        1,
        1,
        3,
        1,
        1,
        1,
        null,
        null,
        null,
        1,
        1,
        1,
        1,
        1,
        1,
        null,
        null,
        null,
        1,
        1,
        1,
        null,
        null,
        null,
        1,
        1,
        1,
        null,
        null
      ],
      "/Users/Liam/Desktop/non_profit_v3/spec/features/landing_pages_spec.rb": [
        1,
        null,
        1,
        1,
        1,
        1,
        1,
        1,
        1,
        1,
        null,
        1,
        1,
        1,
        1,
        1,
        null,
        null,
        null,
        null,
        null,
        null,
        null,
        null,
        null
      ],
      "/Users/Liam/Desktop/non_profit_v3/spec/helpers/home_helper_spec.rb": [
        1,
        null,
        null,
        null,
        null,
        null,
        null,
        null,
        null,
        null,
        null,
        null,
        1,
        null,
        null
      ],
      "/Users/Liam/Desktop/non_profit_v3/spec/models/category_spec.rb": [
        1,
        null,
        1,
        null,
        1,
        1,
        1,
        null,
        null,
        null
      ],
      "/Users/Liam/Desktop/non_profit_v3/spec/models/non_profit_spec.rb": [
        1,
        null,
        1,
        2,
        2,
        2,
        2,
        2,
        null,
        1,
        1,
        1,
        null,
        null
      ],
      "/Users/Liam/Desktop/non_profit_v3/spec/models/post_spec.rb": [
        1,
        null,
        1,
        2,
        2,
        null
      ],
      "/Users/Liam/Desktop/non_profit_v3/spec/models/user_spec.rb": [
        1,
        null,
        1,
        1,
        null,
        2,
        2,
        2,
        2,
        null,
        1,
        1,
        1,
        null,
        1,
        1,
        null,
        null,
        null
      ],
      "/Users/Liam/Desktop/non_profit_v3/spec/views/home/index.html.erb_spec.rb": [
        1,
        null,
        1,
        1,
        null
      ]
    },
    "timestamp": 1474923938
  }
}
